<?xml version="1.0" encoding="UTF-8"?>
<testsuite xmlns:xsi="http://www.w3.org/2001/XMLSchema-instance" xsi:noNamespaceSchemaLocation="https://maven.apache.org/surefire/maven-surefire-plugin/xsd/surefire-test-report.xsd" name="com.assignment.PersonTest" time="0" tests="6" errors="0" skipped="0" failures="0">
  <properties>
[...]
</properties>
  <testcase name="testGetDogsNameWithDog" classname="com.assignment.PersonTest" time="0"/>
  <testcase name="testChangeDogsNameWithDog" classname="com.assignment.PersonTest" time="0"/>
  <testcase name="testChangeDogsNameNoDog" classname="com.assignment.PersonTest" time="0"/>
  <testcase name="testGetDogsNameNoDog" classname="com.assignment.PersonTest" time="0"/>
  <testcase name="testHasOldDogFalse" classname="com.assignment.PersonTest" time="0"/>
  <testcase name="testHasOldDogTrue" classname="com.assignment.PersonTest" time="0"/>
</testsuite>